{
  "stats": {
    "suites": 1,
    "tests": 18,
    "passes": 18,
    "pending": 0,
    "failures": 0,
    "start": "2022-05-12T11:36:37.637Z",
    "end": "2022-05-12T11:36:55.826Z",
    "duration": 18189,
    "testsRegistered": 18,
    "passPercent": 100,
    "pendingPercent": 0,
    "other": 0,
    "hasOther": false,
    "skipped": 0,
    "hasSkipped": false
  },
  "results": [
    {
      "uuid": "485f37b2-d056-4638-a19a-dc009944348c",
      "title": "",
      "fullFile": "cypress/integration/2-advanced-examples/traversal.spec.js",
      "file": "cypress/integration/2-advanced-examples/traversal.spec.js",
      "beforeHooks": [],
      "afterHooks": [],
      "tests": [],
      "suites": [
        {
          "uuid": "415c85ac-a4af-4aa2-bf77-5a853c5f9089",
          "title": "Traversal",
          "fullFile": "",
          "file": "",
          "beforeHooks": [],
          "afterHooks": [],
          "tests": [
            {
              "title": ".children() - get child DOM elements",
              "fullTitle": "Traversal .children() - get child DOM elements",
              "timedOut": null,
              "duration": 1669,
              "state": "passed",
              "speed": "fast",
              "pass": true,
              "fail": false,
              "pending": false,
              "context": "\"videos/2-advanced-examples/traversal.spec.js.mp4\"",
              "code": "// https://on.cypress.io/children\ncy.get('.traversal-breadcrumb').children('.active').should('contain', 'Data');",
              "err": {},
              "uuid": "003a38c1-aac7-4158-9be3-07cafdd5dae7",
              "parentUUID": "415c85ac-a4af-4aa2-bf77-5a853c5f9089",
              "isHook": false,
              "skipped": false
            },
            {
              "title": ".closest() - get closest ancestor DOM element",
              "fullTitle": "Traversal .closest() - get closest ancestor DOM element",
              "timedOut": null,
              "duration": 704,
              "state": "passed",
              "speed": "fast",
              "pass": true,
              "fail": false,
              "pending": false,
              "context": "\"videos/2-advanced-examples/traversal.spec.js.mp4\"",
              "code": "// https://on.cypress.io/closest\ncy.get('.traversal-badge').closest('ul').should('have.class', 'list-group');",
              "err": {},
              "uuid": "63c511e3-f8ec-4d58-944d-8c551a8d3934",
              "parentUUID": "415c85ac-a4af-4aa2-bf77-5a853c5f9089",
              "isHook": false,
              "skipped": false
            },
            {
              "title": ".eq() - get a DOM element at a specific index",
              "fullTitle": "Traversal .eq() - get a DOM element at a specific index",
              "timedOut": null,
              "duration": 647,
              "state": "passed",
              "speed": "fast",
              "pass": true,
              "fail": false,
              "pending": false,
              "context": "\"videos/2-advanced-examples/traversal.spec.js.mp4\"",
              "code": "// https://on.cypress.io/eq\ncy.get('.traversal-list>li').eq(1).should('contain', 'siamese');",
              "err": {},
              "uuid": "703f3acb-78f8-4432-823a-6dfa1750c0dc",
              "parentUUID": "415c85ac-a4af-4aa2-bf77-5a853c5f9089",
              "isHook": false,
              "skipped": false
            },
            {
              "title": ".filter() - get DOM elements that match the selector",
              "fullTitle": "Traversal .filter() - get DOM elements that match the selector",
              "timedOut": null,
              "duration": 737,
              "state": "passed",
              "speed": "fast",
              "pass": true,
              "fail": false,
              "pending": false,
              "context": "\"videos/2-advanced-examples/traversal.spec.js.mp4\"",
              "code": "// https://on.cypress.io/filter\ncy.get('.traversal-nav>li').filter('.active').should('contain', 'About');",
              "err": {},
              "uuid": "47c0f96f-5f3d-48d7-8033-41cf43ac8678",
              "parentUUID": "415c85ac-a4af-4aa2-bf77-5a853c5f9089",
              "isHook": false,
              "skipped": false
            },
            {
              "title": ".find() - get descendant DOM elements of the selector",
              "fullTitle": "Traversal .find() - get descendant DOM elements of the selector",
              "timedOut": null,
              "duration": 962,
              "state": "passed",
              "speed": "fast",
              "pass": true,
              "fail": false,
              "pending": false,
              "context": "\"videos/2-advanced-examples/traversal.spec.js.mp4\"",
              "code": "// https://on.cypress.io/find\ncy.get('.traversal-pagination').find('li').find('a').should('have.length', 7);",
              "err": {},
              "uuid": "bc69bd96-e243-40a5-b8a8-c849c3bc955f",
              "parentUUID": "415c85ac-a4af-4aa2-bf77-5a853c5f9089",
              "isHook": false,
              "skipped": false
            },
            {
              "title": ".first() - get first DOM element",
              "fullTitle": "Traversal .first() - get first DOM element",
              "timedOut": null,
              "duration": 862,
              "state": "passed",
              "speed": "fast",
              "pass": true,
              "fail": false,
              "pending": false,
              "context": "\"videos/2-advanced-examples/traversal.spec.js.mp4\"",
              "code": "// https://on.cypress.io/first\ncy.get('.traversal-table td').first().should('contain', '1');",
              "err": {},
              "uuid": "3f38d3cd-98a8-493f-b840-2d1afcf37145",
              "parentUUID": "415c85ac-a4af-4aa2-bf77-5a853c5f9089",
              "isHook": false,
              "skipped": false
            },
            {
              "title": ".last() - get last DOM element",
              "fullTitle": "Traversal .last() - get last DOM element",
              "timedOut": null,
              "duration": 628,
              "state": "passed",
              "speed": "fast",
              "pass": true,
              "fail": false,
              "pending": false,
              "context": "\"videos/2-advanced-examples/traversal.spec.js.mp4\"",
              "code": "// https://on.cypress.io/last\ncy.get('.traversal-buttons .btn').last().should('contain', 'Submit');",
              "err": {},
              "uuid": "e6fde702-0cb6-4299-b578-52d9b4503889",
              "parentUUID": "415c85ac-a4af-4aa2-bf77-5a853c5f9089",
              "isHook": false,
              "skipped": false
            },
            {
              "title": ".next() - get next sibling DOM element",
              "fullTitle": "Traversal .next() - get next sibling DOM element",
              "timedOut": null,
              "duration": 660,
              "state": "passed",
              "speed": "fast",
              "pass": true,
              "fail": false,
              "pending": false,
              "context": "\"videos/2-advanced-examples/traversal.spec.js.mp4\"",
              "code": "// https://on.cypress.io/next\ncy.get('.traversal-ul').contains('apples').next().should('contain', 'oranges');",
              "err": {},
              "uuid": "a36b3531-2e10-484b-a8d7-8a4c9421d18b",
              "parentUUID": "415c85ac-a4af-4aa2-bf77-5a853c5f9089",
              "isHook": false,
              "skipped": false
            },
            {
              "title": ".nextAll() - get all next sibling DOM elements",
              "fullTitle": "Traversal .nextAll() - get all next sibling DOM elements",
              "timedOut": null,
              "duration": 710,
              "state": "passed",
              "speed": "fast",
              "pass": true,
              "fail": false,
              "pending": false,
              "context": "\"videos/2-advanced-examples/traversal.spec.js.mp4\"",
              "code": "// https://on.cypress.io/nextall\ncy.get('.traversal-next-all').contains('oranges').nextAll().should('have.length', 3);",
              "err": {},
              "uuid": "5718dd16-cff6-4eb0-a933-aba1c2a602d8",
              "parentUUID": "415c85ac-a4af-4aa2-bf77-5a853c5f9089",
              "isHook": false,
              "skipped": false
            },
            {
              "title": ".nextUntil() - get next sibling DOM elements until next el",
              "fullTitle": "Traversal .nextUntil() - get next sibling DOM elements until next el",
              "timedOut": null,
              "duration": 748,
              "state": "passed",
              "speed": "fast",
              "pass": true,
              "fail": false,
              "pending": false,
              "context": "\"videos/2-advanced-examples/traversal.spec.js.mp4\"",
              "code": "// https://on.cypress.io/nextuntil\ncy.get('#veggies').nextUntil('#nuts').should('have.length', 3);",
              "err": {},
              "uuid": "3520f70b-3503-4dd7-8b3c-8f728a450211",
              "parentUUID": "415c85ac-a4af-4aa2-bf77-5a853c5f9089",
              "isHook": false,
              "skipped": false
            },
            {
              "title": ".not() - remove DOM elements from set of DOM elements",
              "fullTitle": "Traversal .not() - remove DOM elements from set of DOM elements",
              "timedOut": null,
              "duration": 624,
              "state": "passed",
              "speed": "fast",
              "pass": true,
              "fail": false,
              "pending": false,
              "context": "\"videos/2-advanced-examples/traversal.spec.js.mp4\"",
              "code": "// https://on.cypress.io/not\ncy.get('.traversal-disabled .btn').not('[disabled]').should('not.contain', 'Disabled');",
              "err": {},
              "uuid": "482011a3-a28f-4104-ad29-60fb3a3c2b51",
              "parentUUID": "415c85ac-a4af-4aa2-bf77-5a853c5f9089",
              "isHook": false,
              "skipped": false
            },
            {
              "title": ".parent() - get parent DOM element from DOM elements",
              "fullTitle": "Traversal .parent() - get parent DOM element from DOM elements",
              "timedOut": null,
              "duration": 909,
              "state": "passed",
              "speed": "fast",
              "pass": true,
              "fail": false,
              "pending": false,
              "context": "\"videos/2-advanced-examples/traversal.spec.js.mp4\"",
              "code": "// https://on.cypress.io/parent\ncy.get('.traversal-mark').parent().should('contain', 'Morbi leo risus');",
              "err": {},
              "uuid": "be522d93-fef0-4297-903a-1cc8b6c13342",
              "parentUUID": "415c85ac-a4af-4aa2-bf77-5a853c5f9089",
              "isHook": false,
              "skipped": false
            },
            {
              "title": ".parents() - get parent DOM elements from DOM elements",
              "fullTitle": "Traversal .parents() - get parent DOM elements from DOM elements",
              "timedOut": null,
              "duration": 612,
              "state": "passed",
              "speed": "fast",
              "pass": true,
              "fail": false,
              "pending": false,
              "context": "\"videos/2-advanced-examples/traversal.spec.js.mp4\"",
              "code": "// https://on.cypress.io/parents\ncy.get('.traversal-cite').parents().should('match', 'blockquote');",
              "err": {},
              "uuid": "913aa40c-2045-4fe6-9bcb-a09004c962d3",
              "parentUUID": "415c85ac-a4af-4aa2-bf77-5a853c5f9089",
              "isHook": false,
              "skipped": false
            },
            {
              "title": ".parentsUntil() - get parent DOM elements from DOM elements until el",
              "fullTitle": "Traversal .parentsUntil() - get parent DOM elements from DOM elements until el",
              "timedOut": null,
              "duration": 718,
              "state": "passed",
              "speed": "fast",
              "pass": true,
              "fail": false,
              "pending": false,
              "context": "\"videos/2-advanced-examples/traversal.spec.js.mp4\"",
              "code": "// https://on.cypress.io/parentsuntil\ncy.get('.clothes-nav').find('.active').parentsUntil('.clothes-nav').should('have.length', 2);",
              "err": {},
              "uuid": "d7381891-e55e-4cd1-8318-25fe27c30a6a",
              "parentUUID": "415c85ac-a4af-4aa2-bf77-5a853c5f9089",
              "isHook": false,
              "skipped": false
            },
            {
              "title": ".prev() - get previous sibling DOM element",
              "fullTitle": "Traversal .prev() - get previous sibling DOM element",
              "timedOut": null,
              "duration": 511,
              "state": "passed",
              "speed": "fast",
              "pass": true,
              "fail": false,
              "pending": false,
              "context": "\"videos/2-advanced-examples/traversal.spec.js.mp4\"",
              "code": "// https://on.cypress.io/prev\ncy.get('.birds').find('.active').prev().should('contain', 'Lorikeets');",
              "err": {},
              "uuid": "4924d468-46ec-4af2-b52b-7a8308b14720",
              "parentUUID": "415c85ac-a4af-4aa2-bf77-5a853c5f9089",
              "isHook": false,
              "skipped": false
            },
            {
              "title": ".prevAll() - get all previous sibling DOM elements",
              "fullTitle": "Traversal .prevAll() - get all previous sibling DOM elements",
              "timedOut": null,
              "duration": 594,
              "state": "passed",
              "speed": "fast",
              "pass": true,
              "fail": false,
              "pending": false,
              "context": "\"videos/2-advanced-examples/traversal.spec.js.mp4\"",
              "code": "// https://on.cypress.io/prevall\ncy.get('.fruits-list').find('.third').prevAll().should('have.length', 2);",
              "err": {},
              "uuid": "9695068e-ebb4-4ec2-8921-6b2d28658cef",
              "parentUUID": "415c85ac-a4af-4aa2-bf77-5a853c5f9089",
              "isHook": false,
              "skipped": false
            },
            {
              "title": ".prevUntil() - get all previous sibling DOM elements until el",
              "fullTitle": "Traversal .prevUntil() - get all previous sibling DOM elements until el",
              "timedOut": null,
              "duration": 583,
              "state": "passed",
              "speed": "fast",
              "pass": true,
              "fail": false,
              "pending": false,
              "context": "\"videos/2-advanced-examples/traversal.spec.js.mp4\"",
              "code": "// https://on.cypress.io/prevuntil\ncy.get('.foods-list').find('#nuts').prevUntil('#veggies').should('have.length', 3);",
              "err": {},
              "uuid": "768ec563-e3a8-459c-92eb-6bdf55a7b2b8",
              "parentUUID": "415c85ac-a4af-4aa2-bf77-5a853c5f9089",
              "isHook": false,
              "skipped": false
            },
            {
              "title": ".siblings() - get all sibling DOM elements",
              "fullTitle": "Traversal .siblings() - get all sibling DOM elements",
              "timedOut": null,
              "duration": 719,
              "state": "passed",
              "speed": "fast",
              "pass": true,
              "fail": false,
              "pending": false,
              "context": "\"videos/2-advanced-examples/traversal.spec.js.mp4\"",
              "code": "// https://on.cypress.io/siblings\ncy.get('.traversal-pills .active').siblings().should('have.length', 2);",
              "err": {},
              "uuid": "7bf8f722-3c0d-44fd-a6a3-e3f6944a6dfe",
              "parentUUID": "415c85ac-a4af-4aa2-bf77-5a853c5f9089",
              "isHook": false,
              "skipped": false
            }
          ],
          "suites": [],
          "passes": [
            "003a38c1-aac7-4158-9be3-07cafdd5dae7",
            "63c511e3-f8ec-4d58-944d-8c551a8d3934",
            "703f3acb-78f8-4432-823a-6dfa1750c0dc",
            "47c0f96f-5f3d-48d7-8033-41cf43ac8678",
            "bc69bd96-e243-40a5-b8a8-c849c3bc955f",
            "3f38d3cd-98a8-493f-b840-2d1afcf37145",
            "e6fde702-0cb6-4299-b578-52d9b4503889",
            "a36b3531-2e10-484b-a8d7-8a4c9421d18b",
            "5718dd16-cff6-4eb0-a933-aba1c2a602d8",
            "3520f70b-3503-4dd7-8b3c-8f728a450211",
            "482011a3-a28f-4104-ad29-60fb3a3c2b51",
            "be522d93-fef0-4297-903a-1cc8b6c13342",
            "913aa40c-2045-4fe6-9bcb-a09004c962d3",
            "d7381891-e55e-4cd1-8318-25fe27c30a6a",
            "4924d468-46ec-4af2-b52b-7a8308b14720",
            "9695068e-ebb4-4ec2-8921-6b2d28658cef",
            "768ec563-e3a8-459c-92eb-6bdf55a7b2b8",
            "7bf8f722-3c0d-44fd-a6a3-e3f6944a6dfe"
          ],
          "failures": [],
          "pending": [],
          "skipped": [],
          "duration": 13597,
          "root": false,
          "rootEmpty": false,
          "_timeout": 2000
        }
      ],
      "passes": [],
      "failures": [],
      "pending": [],
      "skipped": [],
      "duration": 0,
      "root": true,
      "rootEmpty": true,
      "_timeout": 2000
    }
  ],
  "meta": {
    "mocha": {
      "version": "7.0.1"
    },
    "mochawesome": {
      "options": {
        "quiet": false,
        "reportFilename": "mochawesome",
        "saveHtml": false,
        "saveJson": true,
        "consoleReporter": "spec",
        "useInlineDiffs": false,
        "code": true
      },
      "version": "7.1.3"
    },
    "marge": {
      "options": {
        "id": "default",
        "reportDir": "cypress/results/json",
        "overwrite": false,
        "html": false,
        "json": true
      },
      "version": "6.2.0"
    }
  }
}