{
  "stats": {
    "suites": 1,
    "tests": 1,
    "passes": 1,
    "pending": 0,
    "failures": 0,
    "start": "2022-05-12T11:33:45.177Z",
    "end": "2022-05-12T11:33:51.278Z",
    "duration": 6101,
    "testsRegistered": 1,
    "passPercent": 100,
    "pendingPercent": 0,
    "other": 0,
    "hasOther": false,
    "skipped": 0,
    "hasSkipped": false
  },
  "results": [
    {
      "uuid": "41256105-dd79-4f06-a630-d5b65567452e",
      "title": "",
      "fullFile": "cypress/integration/2-advanced-examples/local_storage.spec.js",
      "file": "cypress/integration/2-advanced-examples/local_storage.spec.js",
      "beforeHooks": [],
      "afterHooks": [],
      "tests": [],
      "suites": [
        {
          "uuid": "c2843595-c1e5-4521-9e2a-a8446cef50f0",
          "title": "Local Storage",
          "fullFile": "",
          "file": "",
          "beforeHooks": [],
          "afterHooks": [],
          "tests": [
            {
              "title": "cy.clearLocalStorage() - clear all data in local storage",
              "fullTitle": "Local Storage cy.clearLocalStorage() - clear all data in local storage",
              "timedOut": null,
              "duration": 2480,
              "state": "passed",
              "speed": "fast",
              "pass": true,
              "fail": false,
              "pending": false,
              "context": "\"videos/2-advanced-examples/local_storage.spec.js.mp4\"",
              "code": "// https://on.cypress.io/clearlocalstorage\ncy.get('.ls-btn').click().should(() => {\n  expect(localStorage.getItem('prop1')).to.eq('red');\n  expect(localStorage.getItem('prop2')).to.eq('blue');\n  expect(localStorage.getItem('prop3')).to.eq('magenta');\n}); // clearLocalStorage() yields the localStorage object\ncy.clearLocalStorage().should(ls => {\n  expect(ls.getItem('prop1')).to.be.null;\n  expect(ls.getItem('prop2')).to.be.null;\n  expect(ls.getItem('prop3')).to.be.null;\n});\ncy.get('.ls-btn').click().should(() => {\n  expect(localStorage.getItem('prop1')).to.eq('red');\n  expect(localStorage.getItem('prop2')).to.eq('blue');\n  expect(localStorage.getItem('prop3')).to.eq('magenta');\n}); // Clear key matching string in Local Storage\ncy.clearLocalStorage('prop1').should(ls => {\n  expect(ls.getItem('prop1')).to.be.null;\n  expect(ls.getItem('prop2')).to.eq('blue');\n  expect(ls.getItem('prop3')).to.eq('magenta');\n});\ncy.get('.ls-btn').click().should(() => {\n  expect(localStorage.getItem('prop1')).to.eq('red');\n  expect(localStorage.getItem('prop2')).to.eq('blue');\n  expect(localStorage.getItem('prop3')).to.eq('magenta');\n}); // Clear keys matching regex in Local Storage\ncy.clearLocalStorage(/prop1|2/).should(ls => {\n  expect(ls.getItem('prop1')).to.be.null;\n  expect(ls.getItem('prop2')).to.be.null;\n  expect(ls.getItem('prop3')).to.eq('magenta');\n});",
              "err": {},
              "uuid": "d24bda18-b629-42c7-ae63-4730f0940ec2",
              "parentUUID": "c2843595-c1e5-4521-9e2a-a8446cef50f0",
              "isHook": false,
              "skipped": false
            }
          ],
          "suites": [],
          "passes": [
            "d24bda18-b629-42c7-ae63-4730f0940ec2"
          ],
          "failures": [],
          "pending": [],
          "skipped": [],
          "duration": 2480,
          "root": false,
          "rootEmpty": false,
          "_timeout": 2000
        }
      ],
      "passes": [],
      "failures": [],
      "pending": [],
      "skipped": [],
      "duration": 0,
      "root": true,
      "rootEmpty": true,
      "_timeout": 2000
    }
  ],
  "meta": {
    "mocha": {
      "version": "7.0.1"
    },
    "mochawesome": {
      "options": {
        "quiet": false,
        "reportFilename": "mochawesome",
        "saveHtml": false,
        "saveJson": true,
        "consoleReporter": "spec",
        "useInlineDiffs": false,
        "code": true
      },
      "version": "7.1.3"
    },
    "marge": {
      "options": {
        "id": "default",
        "reportDir": "cypress/results/json",
        "overwrite": false,
        "html": false,
        "json": true
      },
      "version": "6.2.0"
    }
  }
}